app/build/outputs/logs/manifest-merger-debug-report.txt
-- Merging decision tree log ---
manifest
ADDED from src\main\AndroidManifest.xml:2:1-50:12
	package
		ADDED from src\main\AndroidManifest.xml:3:5-32
		INJECTED from src\main\AndroidManifest.xml
		INJECTED from src\main\AndroidManifest.xml
	android:versionName
		ADDED from src\main\AndroidManifest.xml:5:5-30
	android:versionCode
		ADDED from src\main\AndroidManifest.xml:4:5-28
		INJECTED from src\main\AndroidManifest.xml
		INJECTED from src\main\AndroidManifest.xml
	xmlns:android
		ADDED from src\main\AndroidManifest.xml:2:11-69
uses-sdk
ADDED from src\main\AndroidManifest.xml:7:5-9:41
MERGED from [com.android.support:appcompat-v7:19.1.0] AndroidManifest.xml:18:5-42
	android:targetSdkVersion
		ADDED from src\main\AndroidManifest.xml:9:9-38
		INJECTED from src\main\AndroidManifest.xml
		INJECTED from src\main\AndroidManifest.xml
	android:minSdkVersion
		ADDED from src\main\AndroidManifest.xml:8:9-34
		INJECTED from src\main\AndroidManifest.xml
		INJECTED from src\main\AndroidManifest.xml
application
ADDED from src\main\AndroidManifest.xml:11:5-48:19
MERGED from [com.android.support:appcompat-v7:19.1.0] AndroidManifest.xml:19:5-20
	android:label
		ADDED from src\main\AndroidManifest.xml:14:9-41
	android:allowBackup
		ADDED from src\main\AndroidManifest.xml:12:9-35
	android:icon
		ADDED from src\main\AndroidManifest.xml:13:9-45
	android:theme
		ADDED from src\main\AndroidManifest.xml:15:9-40
	android:name
		ADDED from src\main\AndroidManifest.xml:16:9-58
activity#com.coder80.timer.MainActivity
ADDED from src\main\AndroidManifest.xml:18:9-26:20
	android:label
		ADDED from src\main\AndroidManifest.xml:20:13-45
	android:name
		ADDED from src\main\AndroidManifest.xml:19:13-41
intent-filter#android.intent.action.MAIN+android.intent.category.LAUNCHER
ADDED from src\main\AndroidManifest.xml:21:13-25:29
action#android.intent.action.MAIN
ADDED from src\main\AndroidManifest.xml:22:17-69
	android:name
		ADDED from src\main\AndroidManifest.xml:22:25-66
category#android.intent.category.LAUNCHER
ADDED from src\main\AndroidManifest.xml:24:17-77
	android:name
		ADDED from src\main\AndroidManifest.xml:24:27-74
service#com.coder80.timer.service.UploadPOIService2
ADDED from src\main\AndroidManifest.xml:33:9-37:19
	android:name
		ADDED from src\main\AndroidManifest.xml:33:18-76
intent-filter#com.coder80.timer.service.UploadPOIService2
ADDED from src\main\AndroidManifest.xml:34:13-36:29
action#com.coder80.timer.service.UploadPOIService2
ADDED from src\main\AndroidManifest.xml:35:17-86
	android:name
		ADDED from src\main\AndroidManifest.xml:35:25-83
receiver#com.coder80.timer.receiver.BootBroadcastReceiver
ADDED from src\main\AndroidManifest.xml:38:9-47:20
	android:exported
		ADDED from src\main\AndroidManifest.xml:40:13-37
	android:name
		ADDED from src\main\AndroidManifest.xml:39:13-76
intent-filter#android.intent.action.BOOT_COMPLETED+android.intent.action.USER_PRESENT+android.intent.action.cq+android.intent.action.hn
ADDED from src\main\AndroidManifest.xml:41:13-46:29
	android:priority
		ADDED from src\main\AndroidManifest.xml:41:28-51
action#android.intent.action.BOOT_COMPLETED
ADDED from src\main\AndroidManifest.xml:42:17-78
	android:name
		ADDED from src\main\AndroidManifest.xml:42:25-76
action#android.intent.action.USER_PRESENT
ADDED from src\main\AndroidManifest.xml:43:17-76
	android:name
		ADDED from src\main\AndroidManifest.xml:43:25-74
action#android.intent.action.cq
ADDED from src\main\AndroidManifest.xml:44:17-66
	android:name
		ADDED from src\main\AndroidManifest.xml:44:25-64
action#android.intent.action.hn
ADDED from src\main\AndroidManifest.xml:45:17-66
	android:name
		ADDED from src\main\AndroidManifest.xml:45:25-64